Content-Type: multipart/alternative;
 boundary="===============0460261011577195085=="
MIME-Version: 1.0
Subject: =?utf-8?b?566A5qGj5r+A5rS7?=
From: test@example.com
To: 1973314115@qq.com
Date: Wed, 13 Jul 2022 06:14:48 -0000
Message-ID: <165769288890.38211.16603384841761689622@Mac-macOS.local>

--===============0460261011577195085==
Content-Type: text/plain; charset="utf-8"
MIME-Version: 1.0
Content-Transfer-Encoding: 8bit



若要激活你的账号，请访问以下链接：

http://127.0.0.1:8000/accounts/activate/zjwmweWlff8O0uUTgtMZ/

--===============0460261011577195085==
Content-Type: text/html; charset="utf-8"
MIME-Version: 1.0
Content-Transfer-Encoding: 8bit



<!DOCTYPE html PUBLIC "-//W3C//DTD XHTML 1.0 Transitional//EN"
        "http://www.w3.org/TR/xhtml1/DTD/xhtml1-transitional.dtd">
<html xmlns="http://www.w3.org/1999/xhtml">
<head>
    <meta http-equiv="Content-Type" content="text/html; charset=UTF-8"/>
    <title>简档激活</title>
    <meta name="viewport" content="width=device-width, initial-scale=1.0"/>
</head>

<body>

<p>
    若要激活你的账号，请访问以下链接：
</p>

<p>
    <a href="http://127.0.0.1:8000/accounts/activate/zjwmweWlff8O0uUTgtMZ/">http://127.0.0.1:8000/accounts/activate/zjwmweWlff8O0uUTgtMZ/</a>
</p>

</body>

</html>

--===============0460261011577195085==--

-------------------------------------------------------------------------------
